<?xml version="1.0" encoding="UTF-8"?>
<!-- Generated by org.testng.reporters.JUnitReportReporter -->
<testsuite hostname="DESKTOP-H7F0JOM" failures="0" tests="5" name="tasks.CalcQuantityTest" time="0.054" errors="0" timestamp="2022-05-03T11:28:27 EEST" skipped="0">
  <testcase classname="tasks.CalcQuantityTest" name="testNumberFigures" time="0.017"/>
  <system-out/>
  <testcase classname="tasks.CalcQuantityTest" name="testNumberFigures" time="0.007"/>
  <system-out/>
  <testcase classname="tasks.CalcQuantityTest" name="testNumberFigures" time="0.007"/>
  <system-out/>
  <testcase classname="tasks.CalcQuantityTest" name="testNumberFigures" time="0.010"/>
  <system-out/>
  <testcase classname="tasks.CalcQuantityTest" name="testNumberFigures" time="0.013"/>
  <system-out/>
</testsuite> <!-- tasks.CalcQuantityTest -->
