<?xml version="1.0" encoding="UTF-8"?>
<!-- Generated by org.testng.reporters.JUnitReportReporter -->
<testsuite hostname="DESKTOP-H7F0JOM" failures="0" tests="9" name="tasks_tests.CreateMatrixTask555Test" time="0.030" errors="0" timestamp="2022-05-04T17:22:24 EEST" skipped="0">
  <testcase classname="tasks_tests.CreateMatrixTask555Test" name="matrixPascalOne" time="0.006"/>
  <system-out/>
  <testcase classname="tasks_tests.CreateMatrixTask555Test" name="matrixPascal_6" time="0.003"/>
  <system-out/>
  <testcase classname="tasks_tests.CreateMatrixTask555Test" name="matrixPascalNegative" time="0.010"/>
  <system-out/>
  <testcase classname="tasks_tests.CreateMatrixTask555Test" name="matrixPascal_6" time="0.002"/>
  <system-out/>
  <testcase classname="tasks_tests.CreateMatrixTask555Test" name="matrixPascal_6" time="0.001"/>
  <system-out/>
  <testcase classname="tasks_tests.CreateMatrixTask555Test" name="matrixPascal_6" time="0.002"/>
  <system-out/>
  <testcase classname="tasks_tests.CreateMatrixTask555Test" name="matrixPascalZero" time="0.002"/>
  <system-out/>
  <testcase classname="tasks_tests.CreateMatrixTask555Test" name="matrixPascal_6" time="0.002"/>
  <system-out/>
  <testcase classname="tasks_tests.CreateMatrixTask555Test" name="matrixPascal_6" time="0.002"/>
  <system-out/>
</testsuite> <!-- tasks_tests.CreateMatrixTask555Test -->
