<?xml version="1.0" encoding="UTF-8"?>
<!-- Generated by org.testng.reporters.JUnitReportReporter -->
<testsuite hostname="DESKTOP-H7F0JOM" failures="0" tests="2" name="tasks_tests.FirstTest" time="0.019" errors="0" timestamp="2022-05-03T13:53:08 EEST" skipped="0">
  <testcase classname="tasks_tests.FirstTest" name="f1" time="0.014"/>
  <system-out/>
  <testcase classname="tasks_tests.FirstTest" name="f2" time="0.005"/>
  <system-out/>
</testsuite> <!-- tasks_tests.FirstTest -->
