<?xml version="1.0" encoding="UTF-8"?>
<!-- Generated by org.testng.reporters.JUnitReportReporter -->
<testsuite hostname="DESKTOP-H7F0JOM" failures="0" tests="5" name="tasks_tests.CalcQuantityTask178vTest" time="0.036" errors="0" timestamp="2022-05-04T17:33:22 EEST" skipped="0">
  <testcase classname="tasks_tests.CalcQuantityTask178vTest" name="testNumberFigures" time="0.015"/>
  <system-out/>
  <testcase classname="tasks_tests.CalcQuantityTask178vTest" name="testNumberFigures" time="0.006"/>
  <system-out/>
  <testcase classname="tasks_tests.CalcQuantityTask178vTest" name="testNumberFigures" time="0.007"/>
  <system-out/>
  <testcase classname="tasks_tests.CalcQuantityTask178vTest" name="testNumberFigures" time="0.002"/>
  <system-out/>
  <testcase classname="tasks_tests.CalcQuantityTask178vTest" name="testNumberFigures" time="0.006"/>
  <system-out/>
</testsuite> <!-- tasks_tests.CalcQuantityTask178vTest -->
