<?xml version="1.0" encoding="UTF-8"?>
<!-- Generated by org.testng.reporters.JUnitReportReporter -->
<testsuite hostname="DESKTOP-H7F0JOM" failures="0" tests="5" name="tasks.CalcQuantityTask178bTest" time="0.013" errors="0" timestamp="2022-05-03T11:36:51 EEST" skipped="0">
  <testcase classname="tasks.CalcQuantityTask178bTest" name="testNumberFigures" time="0.003"/>
  <system-out/>
  <testcase classname="tasks.CalcQuantityTask178bTest" name="testNumberFigures" time="0.003"/>
  <system-out/>
  <testcase classname="tasks.CalcQuantityTask178bTest" name="testNumberFigures" time="0.002"/>
  <system-out/>
  <testcase classname="tasks.CalcQuantityTask178bTest" name="testNumberFigures" time="0.003"/>
  <system-out/>
  <testcase classname="tasks.CalcQuantityTask178bTest" name="testNumberFigures" time="0.002"/>
  <system-out/>
</testsuite> <!-- tasks.CalcQuantityTask178bTest -->
