<?xml version="1.0" encoding="UTF-8"?>
<!-- Generated by org.testng.reporters.JUnitReportReporter -->
<testsuite hostname="DESKTOP-H7F0JOM" failures="0" tests="2" name="example_tests.TestNGTestParam" time="0.016" errors="0" timestamp="2022-05-05T12:49:45 EEST" skipped="0">
  <testcase classname="example_tests.TestNGTestParam" name="parameterIntTest" time="0.003"/>
  <system-out/>
  <testcase classname="example_tests.TestNGTestParam" name="checkApp" time="0.013"/>
  <system-out/>
</testsuite> <!-- example_tests.TestNGTestParam -->
