<?xml version="1.0" encoding="UTF-8"?>
<!-- Generated by org.testng.reporters.JUnitReportReporter -->
<testsuite hostname="DESKTOP-H7F0JOM" failures="0" tests="3" name="example_tests.TestNGTestDataProvider" time="0.019" errors="0" timestamp="2023-06-02T07:24:59 EEST" skipped="0">
  <testcase classname="example_tests.TestNGTestDataProvider" name="parameterIntTest" time="0.003"/>
  <system-out/>
  <testcase classname="example_tests.TestNGTestDataProvider" name="parameterIntTest" time="0.013"/>
  <system-out/>
  <testcase classname="example_tests.TestNGTestDataProvider" name="parameterIntTest" time="0.003"/>
  <system-out/>
</testsuite> <!-- example_tests.TestNGTestDataProvider -->
