<?xml version="1.0" encoding="UTF-8"?>
<!-- Generated by org.testng.reporters.JUnitReportReporter -->
<testsuite hostname="DESKTOP-H7F0JOM" failures="0" tests="2" name="example_tests.TestNGTestParam" time="0.040" errors="0" timestamp="2022-05-04T09:24:51 EEST" skipped="0">
  <testcase classname="example_tests.TestNGTestParam" name="parameterIntTest" time="0.023"/>
  <system-out/>
  <testcase classname="example_tests.TestNGTestParam" name="checkApp" time="0.017"/>
  <system-out/>
</testsuite> <!-- example_tests.TestNGTestParam -->
