<?xml version="1.0" encoding="UTF-8"?>
<!-- Generated by org.testng.reporters.JUnitReportReporter -->
<testsuite hostname="DESKTOP-H7F0JOM" failures="0" tests="9" name="tasks.CreateMatrixTask555Test" time="0.031" errors="0" timestamp="2022-05-03T11:36:52 EEST" skipped="0">
  <testcase classname="tasks.CreateMatrixTask555Test" name="matrixPascalNegative" time="0.005"/>
  <system-out/>
  <testcase classname="tasks.CreateMatrixTask555Test" name="matrixPascalOne" time="0.002"/>
  <system-out/>
  <testcase classname="tasks.CreateMatrixTask555Test" name="matrixPascal_6" time="0.002"/>
  <system-out/>
  <testcase classname="tasks.CreateMatrixTask555Test" name="matrixPascal_6" time="0.004"/>
  <system-out/>
  <testcase classname="tasks.CreateMatrixTask555Test" name="matrixPascalZero" time="0.002"/>
  <system-out/>
  <testcase classname="tasks.CreateMatrixTask555Test" name="matrixPascal_6" time="0.008"/>
  <system-out/>
  <testcase classname="tasks.CreateMatrixTask555Test" name="matrixPascal_6" time="0.003"/>
  <system-out/>
  <testcase classname="tasks.CreateMatrixTask555Test" name="matrixPascal_6" time="0.002"/>
  <system-out/>
  <testcase classname="tasks.CreateMatrixTask555Test" name="matrixPascal_6" time="0.003"/>
  <system-out/>
</testsuite> <!-- tasks.CreateMatrixTask555Test -->
