<?xml version="1.0" encoding="UTF-8"?>
<!-- Generated by org.testng.reporters.JUnitReportReporter -->
<testsuite hostname="DESKTOP-H7F0JOM" failures="0" tests="3" name="example_tests.ExceptionTest" time="0.020" errors="0" timestamp="2022-05-05T12:47:21 EEST" skipped="1">
  <testcase classname="example_tests.ExceptionTest" name="f4" time="0.003"/>
  <system-out/>
  <testcase classname="example_tests.ExceptionTest" name="f2" time="0.017"/>
  <system-out/>
  <testcase classname="example_tests.ExceptionTest" name="f1">
    <skipped/>
  </testcase> <!-- f1 -->
  <system-out/>
</testsuite> <!-- example_tests.ExceptionTest -->
