<?xml version="1.0" encoding="UTF-8"?>
<!-- Generated by org.testng.reporters.JUnitReportReporter -->
<testsuite hostname="DESKTOP-H7F0JOM" failures="0" tests="12" name="tasks_tests.SumFingersTask87Test" time="0.065" errors="0" timestamp="2022-05-04T17:22:05 EEST" skipped="0">
  <testcase classname="tasks_tests.SumFingersTask87Test" name="sumNumbersZeroN" time="0.005"/>
  <system-out/>
  <testcase classname="tasks_tests.SumFingersTask87Test" name="testSumNumbersZeroM" time="0.003"/>
  <system-out/>
  <testcase classname="tasks_tests.SumFingersTask87Test" name="testSumNumbers" time="0.003"/>
  <system-out/>
  <testcase classname="tasks_tests.SumFingersTask87Test" name="testSumNumbers" time="0.007"/>
  <system-out/>
  <testcase classname="tasks_tests.SumFingersTask87Test" name="sumNumbersNegativeN1" time="0.006"/>
  <system-out/>
  <testcase classname="tasks_tests.SumFingersTask87Test" name="testSumNumbersZeroM" time="0.002"/>
  <system-out/>
  <testcase classname="tasks_tests.SumFingersTask87Test" name="sumNumbersNegativeN2" time="0.006"/>
  <system-out/>
  <testcase classname="tasks_tests.SumFingersTask87Test" name="sumNumbersZeroN1" time="0.002"/>
  <system-out/>
  <testcase classname="tasks_tests.SumFingersTask87Test" name="testSumNumbersZeroM" time="0.006"/>
  <system-out/>
  <testcase classname="tasks_tests.SumFingersTask87Test" name="testSumNumbers" time="0.005"/>
  <system-out/>
  <testcase classname="tasks_tests.SumFingersTask87Test" name="sumNumbersMGreaterN" time="0.011"/>
  <system-out/>
  <testcase classname="tasks_tests.SumFingersTask87Test" name="sumNumbersNegativeN" time="0.009"/>
  <system-out/>
</testsuite> <!-- tasks_tests.SumFingersTask87Test -->
