<?xml version="1.0" encoding="UTF-8"?>
<!-- Generated by org.testng.reporters.JUnitReportReporter -->
<testsuite hostname="DESKTOP-H7F0JOM" failures="0" tests="6" name="example_tests.ExceptionTest" time="0.049" errors="0" timestamp="2023-05-31T20:23:49 EEST" skipped="1">
  <testcase classname="example_tests.ExceptionTest" name="f3" time="0.011"/>
  <system-out/>
  <testcase classname="example_tests.ExceptionTest" name="f4" time="0.003"/>
  <system-out/>
  <testcase classname="example_tests.ExceptionTest" name="f" time="0.020"/>
  <system-out/>
  <testcase classname="example_tests.ExceptionTest" name="f5" time="0.011"/>
  <system-out/>
  <testcase classname="example_tests.ExceptionTest" name="f2" time="0.004"/>
  <system-out/>
  <testcase classname="example_tests.ExceptionTest" name="f1">
    <skipped/>
  </testcase> <!-- f1 -->
  <system-out/>
</testsuite> <!-- example_tests.ExceptionTest -->
