<?xml version="1.0" encoding="UTF-8"?>
<!-- Generated by org.testng.reporters.JUnitReportReporter -->
<testsuite hostname="DESKTOP-H7F0JOM" failures="0" tests="3" name="example_tests.TestNGTestDataProvider" time="0.034" errors="0" timestamp="2022-05-04T09:31:03 EEST" skipped="0">
  <testcase classname="example_tests.TestNGTestDataProvider" name="parameterIntTest" time="0.012"/>
  <system-out/>
  <testcase classname="example_tests.TestNGTestDataProvider" name="parameterIntTest" time="0.014"/>
  <system-out/>
  <testcase classname="example_tests.TestNGTestDataProvider" name="parameterIntTest" time="0.008"/>
  <system-out/>
</testsuite> <!-- example_tests.TestNGTestDataProvider -->
