<?xml version="1.0" encoding="UTF-8"?>
<!-- Generated by org.testng.reporters.JUnitReportReporter -->
<testsuite hostname="DESKTOP-H7F0JOM" failures="0" tests="5" name="tasks_tests.CalcQuantityTask178bTest" time="0.018" errors="0" timestamp="2022-05-04T17:15:40 EEST" skipped="0">
  <testcase classname="tasks_tests.CalcQuantityTask178bTest" name="testNumberFigures" time="0.003"/>
  <system-out/>
  <testcase classname="tasks_tests.CalcQuantityTask178bTest" name="testNumberFigures" time="0.003"/>
  <system-out/>
  <testcase classname="tasks_tests.CalcQuantityTask178bTest" name="testNumberFigures" time="0.004"/>
  <system-out/>
  <testcase classname="tasks_tests.CalcQuantityTask178bTest" name="testNumberFigures" time="0.004"/>
  <system-out/>
  <testcase classname="tasks_tests.CalcQuantityTask178bTest" name="testNumberFigures" time="0.004"/>
  <system-out/>
</testsuite> <!-- tasks_tests.CalcQuantityTask178bTest -->
