<?xml version="1.0" encoding="UTF-8"?>
<!-- Generated by org.testng.reporters.JUnitReportReporter -->
<testsuite hostname="DESKTOP-H7F0JOM" failures="0" tests="2" name="tasks_tests.FirstTest" time="0.027" errors="0" timestamp="2023-05-24T07:02:10 EEST" skipped="0">
  <testcase classname="tasks_tests.FirstTest" name="f1" time="0.021"/>
  <system-out/>
  <testcase classname="tasks_tests.FirstTest" name="f2" time="0.006"/>
  <system-out/>
</testsuite> <!-- tasks_tests.FirstTest -->
