<?xml version="1.0" encoding="UTF-8"?>
<!-- Generated by org.testng.reporters.JUnitReportReporter -->
<testsuite hostname="DESKTOP-H7F0JOM" failures="0" tests="5" name="tasks_tests.CalcQuantityTask178bTest" time="0.023" errors="0" timestamp="2023-05-30T06:53:30 EEST" skipped="0">
  <testcase classname="tasks_tests.CalcQuantityTask178bTest" name="testNumberFigures" time="0.004"/>
  <system-out/>
  <testcase classname="tasks_tests.CalcQuantityTask178bTest" name="testNumberFigures" time="0.002"/>
  <system-out/>
  <testcase classname="tasks_tests.CalcQuantityTask178bTest" name="testNumberFigures" time="0.003"/>
  <system-out/>
  <testcase classname="tasks_tests.CalcQuantityTask178bTest" name="testNumberFigures" time="0.008"/>
  <system-out/>
  <testcase classname="tasks_tests.CalcQuantityTask178bTest" name="testNumberFigures" time="0.006"/>
  <system-out/>
</testsuite> <!-- tasks_tests.CalcQuantityTask178bTest -->
