<?xml version="1.0" encoding="UTF-8"?>
<!-- Generated by org.testng.reporters.JUnitReportReporter -->
<testsuite hostname="DESKTOP-H7F0JOM" failures="0" tests="2" name="example_tests.TestNGTest6" time="0.023" errors="0" timestamp="2022-05-04T08:29:21 EEST" skipped="0">
  <testcase classname="example_tests.TestNGTest6" name="parameterIntTest" time="0.004"/>
  <system-out/>
  <testcase classname="example_tests.TestNGTest6" name="checkApp" time="0.019"/>
  <system-out/>
</testsuite> <!-- example_tests.TestNGTest6 -->
