<?xml version="1.0" encoding="UTF-8"?>
<!-- Generated by org.testng.reporters.JUnitReportReporter -->
<testsuite hostname="DESKTOP-H7F0JOM" failures="0" tests="9" name="tasks_tests.CreateMatrixTask555Test" time="0.211" errors="0" timestamp="2023-06-05T18:57:11 EEST" skipped="0">
  <testcase classname="tasks_tests.CreateMatrixTask555Test" name="matrixPascalOne" time="0.066"/>
  <system-out/>
  <testcase classname="tasks_tests.CreateMatrixTask555Test" name="matrixPascal_6" time="0.017"/>
  <system-out/>
  <testcase classname="tasks_tests.CreateMatrixTask555Test" name="matrixPascal_6" time="0.021"/>
  <system-out/>
  <testcase classname="tasks_tests.CreateMatrixTask555Test" name="matrixPascal_6" time="0.018"/>
  <system-out/>
  <testcase classname="tasks_tests.CreateMatrixTask555Test" name="matrixPascalZero" time="0.013"/>
  <system-out/>
  <testcase classname="tasks_tests.CreateMatrixTask555Test" name="matrixPascal_6" time="0.019"/>
  <system-out/>
  <testcase classname="tasks_tests.CreateMatrixTask555Test" name="matrixPascal_6" time="0.017"/>
  <system-out/>
  <testcase classname="tasks_tests.CreateMatrixTask555Test" name="matrixPascal_6" time="0.013"/>
  <system-out/>
  <testcase classname="tasks_tests.CreateMatrixTask555Test" name="matrixPascalNegative" time="0.027"/>
  <system-out/>
</testsuite> <!-- tasks_tests.CreateMatrixTask555Test -->
